<?xml version="1.0" encoding="UTF-8"?>
<testsuite xmlns:xsi="http://www.w3.org/2001/XMLSchema-instance" xsi:noNamespaceSchemaLocation="https://maven.apache.org/surefire/maven-surefire-plugin/xsd/surefire-test-report-3.0.xsd" version="3.0" name="TestCodePart1" time="0.354" tests="4" errors="0" skipped="0" failures="0">
  <properties>
[...]
</properties>
  <testcase name="testFeature1" classname="TestCodePart1" time="0.062"/>
  <testcase name="testFeature2" classname="TestCodePart1" time="0.002"/>
  <testcase name="testFeature3" classname="TestCodePart1" time="0.002"/>
  <testcase name="testFeature4" classname="TestCodePart1" time="0.255"/>
</testsuite>